2023-09-24 00:16:43.109 [info] Log level: Info
2023-09-24 00:16:43.109 [info] Validating found git in: "git"
2023-09-24 00:16:43.109 [info] Using git "2.39.2" from "git"
2023-09-24 00:16:43.109 [info] > git rev-parse --show-toplevel [5ms]
2023-09-24 00:16:43.110 [info] > git rev-parse --git-dir --git-common-dir [1ms]
2023-09-24 00:16:43.121 [info] Open repository: /home/richard/projects/11tea-practice-traversyJS
2023-09-24 00:16:43.135 [info] > git rev-parse --show-toplevel [3ms]
2023-09-24 00:16:43.135 [info] > git config --get commit.template [7ms]
2023-09-24 00:16:43.147 [info] > git rev-parse --show-toplevel [6ms]
2023-09-24 00:16:43.151 [info] > git for-each-ref --format=%(refname)%00%(upstream:short)%00%(objectname)%00%(upstream:track)%00%(upstream:remotename)%00%(upstream:remoteref) refs/heads/main refs/remotes/main [5ms]
2023-09-24 00:16:43.157 [info] > git rev-parse --show-toplevel [6ms]
2023-09-24 00:16:43.162 [info] > git status -z -uall [6ms]
2023-09-24 00:16:43.177 [info] > git rev-parse --show-toplevel [16ms]
2023-09-24 00:16:43.182 [info] > git config --get commit.template [6ms]
2023-09-24 00:16:43.185 [info] > git rev-parse --show-toplevel [4ms]
2023-09-24 00:16:43.197 [info] > git for-each-ref --format=%(refname)%00%(upstream:short)%00%(objectname)%00%(upstream:track)%00%(upstream:remotename)%00%(upstream:remoteref) refs/heads/main refs/remotes/main [5ms]
2023-09-24 00:16:43.202 [info] > git rev-parse --show-toplevel [6ms]
2023-09-24 00:16:43.207 [info] > git status -z -uall [6ms]
2023-09-24 00:16:43.213 [info] > git rev-parse --show-toplevel [6ms]
2023-09-24 00:16:43.242 [info] > git rev-parse --show-toplevel [2ms]
2023-09-24 00:16:43.660 [info] > git check-ignore -v -z --stdin [5ms]
2023-09-24 00:16:47.509 [info] > git check-ignore -v -z --stdin [2ms]
2023-09-24 00:16:49.189 [info] > git check-ignore -v -z --stdin [4ms]
2023-09-24 00:16:49.645 [info] > git show --textconv :.vscode/settings.json [9ms]
2023-09-24 00:16:49.651 [info] > git ls-files --stage -- /home/richard/projects/11tea-practice-traversyJS/.vscode/settings.json [7ms]
2023-09-24 00:16:49.661 [info] > git cat-file -s 3635e6cc6ef03067e1bdd528c5cfaaf6495ec149 [2ms]
2023-09-24 00:16:53.602 [info] > git config --get commit.template [13ms]
2023-09-24 00:16:53.603 [info] > git for-each-ref --format=%(refname)%00%(upstream:short)%00%(objectname)%00%(upstream:track)%00%(upstream:remotename)%00%(upstream:remoteref) refs/heads/main refs/remotes/main [3ms]
2023-09-24 00:16:53.614 [info] > git status -z -uall [4ms]
2023-09-24 00:16:58.678 [info] > git config --get commit.template [26ms]
2023-09-24 00:16:58.680 [info] > git for-each-ref --format=%(refname)%00%(upstream:short)%00%(objectname)%00%(upstream:track)%00%(upstream:remotename)%00%(upstream:remoteref) refs/heads/main refs/remotes/main [5ms]
2023-09-24 00:16:58.704 [info] > git status -z -uall [7ms]
2023-09-24 00:17:03.729 [info] > git config --get commit.template [9ms]
2023-09-24 00:17:03.730 [info] > git for-each-ref --format=%(refname)%00%(upstream:short)%00%(objectname)%00%(upstream:track)%00%(upstream:remotename)%00%(upstream:remoteref) refs/heads/main refs/remotes/main [2ms]
2023-09-24 00:17:03.741 [info] > git status -z -uall [3ms]
2023-09-24 00:17:08.778 [info] > git config --get commit.template [6ms]
2023-09-24 00:17:08.798 [info] > git for-each-ref --format=%(refname)%00%(upstream:short)%00%(objectname)%00%(upstream:track)%00%(upstream:remotename)%00%(upstream:remoteref) refs/heads/main refs/remotes/main [4ms]
2023-09-24 00:17:08.816 [info] > git status -z -uall [8ms]
2023-09-24 00:17:13.866 [info] > git config --get commit.template [20ms]
2023-09-24 00:17:13.867 [info] > git for-each-ref --format=%(refname)%00%(upstream:short)%00%(objectname)%00%(upstream:track)%00%(upstream:remotename)%00%(upstream:remoteref) refs/heads/main refs/remotes/main [4ms]
2023-09-24 00:17:13.896 [info] > git status -z -uall [13ms]
2023-09-24 00:17:17.545 [info] > git ls-files --stage -- /home/richard/projects/11tea-practice-traversyJS/.vscode/settings.json [6ms]
2023-09-24 00:17:17.570 [info] > git cat-file -s 3635e6cc6ef03067e1bdd528c5cfaaf6495ec149 [4ms]
2023-09-24 00:17:17.589 [info] > git show --textconv :.vscode/settings.json [2ms]
2023-09-24 00:17:18.966 [info] > git config --get commit.template [27ms]
2023-09-24 00:17:18.968 [info] > git for-each-ref --format=%(refname)%00%(upstream:short)%00%(objectname)%00%(upstream:track)%00%(upstream:remotename)%00%(upstream:remoteref) refs/heads/main refs/remotes/main [5ms]
2023-09-24 00:17:18.989 [info] > git status -z -uall [9ms]
2023-09-24 00:17:24.008 [info] > git ls-files --stage -- /home/richard/projects/11tea-practice-traversyJS/.vscode/settings.json [9ms]
2023-09-24 00:17:24.015 [info] > git config --get commit.template [7ms]
2023-09-24 00:17:24.015 [info] > git cat-file -s 3635e6cc6ef03067e1bdd528c5cfaaf6495ec149 [1ms]
2023-09-24 00:17:24.030 [info] > git for-each-ref --format=%(refname)%00%(upstream:short)%00%(objectname)%00%(upstream:track)%00%(upstream:remotename)%00%(upstream:remoteref) refs/heads/main refs/remotes/main [8ms]
2023-09-24 00:17:24.038 [info] > git show --textconv :.vscode/settings.json [8ms]
2023-09-24 00:17:24.042 [info] > git status -z -uall [5ms]
2023-09-24 00:17:29.093 [info] > git config --get commit.template [21ms]
2023-09-24 00:17:29.095 [info] > git for-each-ref --format=%(refname)%00%(upstream:short)%00%(objectname)%00%(upstream:track)%00%(upstream:remotename)%00%(upstream:remoteref) refs/heads/main refs/remotes/main [4ms]
2023-09-24 00:17:29.116 [info] > git status -z -uall [13ms]
2023-09-24 00:17:34.172 [info] > git config --get commit.template [24ms]
2023-09-24 00:17:34.176 [info] > git for-each-ref --format=%(refname)%00%(upstream:short)%00%(objectname)%00%(upstream:track)%00%(upstream:remotename)%00%(upstream:remoteref) refs/heads/main refs/remotes/main [6ms]
2023-09-24 00:17:34.213 [info] > git status -z -uall [22ms]
2023-09-24 00:17:46.626 [info] > git config --get commit.template [11ms]
2023-09-24 00:17:46.628 [info] > git for-each-ref --format=%(refname)%00%(upstream:short)%00%(objectname)%00%(upstream:track)%00%(upstream:remotename)%00%(upstream:remoteref) refs/heads/main refs/remotes/main [2ms]
2023-09-24 00:17:46.648 [info] > git status -z -uall [12ms]
2023-09-24 00:17:51.698 [info] > git config --get commit.template [24ms]
2023-09-24 00:17:51.702 [info] > git for-each-ref --format=%(refname)%00%(upstream:short)%00%(objectname)%00%(upstream:track)%00%(upstream:remotename)%00%(upstream:remoteref) refs/heads/main refs/remotes/main [7ms]
2023-09-24 00:17:51.725 [info] > git status -z -uall [11ms]
